27-05-19 03:32: There is a reference to "EXT:lang/locallang_general.xlf", which has been moved to "EXT:lang/Resources/Private/Language/locallang_general.xlf". This fallback will be removed with TYPO3 v9.
27-05-19 03:32: There is a reference to "EXT:lang/locallang_general.xlf", which has been moved to "EXT:lang/Resources/Private/Language/locallang_general.xlf". This fallback will be removed with TYPO3 v9.
27-05-19 03:33: [typo3conf/ext/extension_builder/Resources/Private/Templates/BuilderModule/Domainmodelling.html] The property "enableClickMenu" has been marked as deprecated. Setting "enableClickMenu" in Container ViewHelper is deprecated, the option will be removed in TYPO3 v9 Please check also your partial and layout files of this template
27-05-19 03:34: DatabaseConnection a.k.a. $["TYPO3_DB"] has been marked as deprecated in TYPO3 v8 and will be removed in TYPO3 v9. Please use the newly available ConnectionPool and QueryBuilder classes.
27-05-19 03:34: DatabaseConnection a.k.a. $["TYPO3_DB"] has been marked as deprecated in TYPO3 v8 and will be removed in TYPO3 v9. Please use the newly available ConnectionPool and QueryBuilder classes.
27-05-19 03:35: Automatic TCA migration done during bootstrap. Please adapt TCA accordingly, these migrations will be removed. The backend module "Configuration -> TCA" shows the modified values. Please adapt these areas:
The 'foreign_types' property from TCA tx_pruebatpagaecommerce_domain_model_product['columns']['cover']['config']  and has been migrated to tx_pruebatpagaecommerce_domain_model_product['columns']['cover']['config']['overrideChildTca']['types']
The 'foreign_types' property from TCA tx_pruebatpagaecommerce_domain_model_product['columns']['captures']['config']  and has been migrated to tx_pruebatpagaecommerce_domain_model_product['columns']['captures']['config']['overrideChildTca']['types']
27-05-19 03:36: Automatic TCA migration done during bootstrap. Please adapt TCA accordingly, these migrations will be removed. The backend module "Configuration -> TCA" shows the modified values. Please adapt these areas:
The 'foreign_types' property from TCA tx_pruebatpagaecommerce_domain_model_product['columns']['cover']['config']  and has been migrated to tx_pruebatpagaecommerce_domain_model_product['columns']['cover']['config']['overrideChildTca']['types']
The 'foreign_types' property from TCA tx_pruebatpagaecommerce_domain_model_product['columns']['captures']['config']  and has been migrated to tx_pruebatpagaecommerce_domain_model_product['columns']['captures']['config']['overrideChildTca']['types']
27-05-19 03:37: Automatic TCA migration done during bootstrap. Please adapt TCA accordingly, these migrations will be removed. The backend module "Configuration -> TCA" shows the modified values. Please adapt these areas:
The 'foreign_types' property from TCA tx_pruebatpagaecommerce_domain_model_product['columns']['cover']['config']  and has been migrated to tx_pruebatpagaecommerce_domain_model_product['columns']['cover']['config']['overrideChildTca']['types']
The 'foreign_types' property from TCA tx_pruebatpagaecommerce_domain_model_product['columns']['captures']['config']  and has been migrated to tx_pruebatpagaecommerce_domain_model_product['columns']['captures']['config']['overrideChildTca']['types']
27-05-19 03:38: Automatic TCA migration done during bootstrap. Please adapt TCA accordingly, these migrations will be removed. The backend module "Configuration -> TCA" shows the modified values. Please adapt these areas:
The 'foreign_types' property from TCA tx_pruebatpagaecommerce_domain_model_product['columns']['cover']['config']  and has been migrated to tx_pruebatpagaecommerce_domain_model_product['columns']['cover']['config']['overrideChildTca']['types']
The 'foreign_types' property from TCA tx_pruebatpagaecommerce_domain_model_product['columns']['captures']['config']  and has been migrated to tx_pruebatpagaecommerce_domain_model_product['columns']['captures']['config']['overrideChildTca']['types']
27-05-19 03:40: Automatic TCA migration done during bootstrap. Please adapt TCA accordingly, these migrations will be removed. The backend module "Configuration -> TCA" shows the modified values. Please adapt these areas:
The 'foreign_types' property from TCA tx_pruebatpagaecommerce_domain_model_product['columns']['cover']['config']  and has been migrated to tx_pruebatpagaecommerce_domain_model_product['columns']['cover']['config']['overrideChildTca']['types']
The 'foreign_types' property from TCA tx_pruebatpagaecommerce_domain_model_product['columns']['captures']['config']  and has been migrated to tx_pruebatpagaecommerce_domain_model_product['columns']['captures']['config']['overrideChildTca']['types']
27-05-19 03:42: Automatic TCA migration done during bootstrap. Please adapt TCA accordingly, these migrations will be removed. The backend module "Configuration -> TCA" shows the modified values. Please adapt these areas:
The 'foreign_types' property from TCA tx_pruebatpagaecommerce_domain_model_product['columns']['cover']['config']  and has been migrated to tx_pruebatpagaecommerce_domain_model_product['columns']['cover']['config']['overrideChildTca']['types']
The 'foreign_types' property from TCA tx_pruebatpagaecommerce_domain_model_product['columns']['captures']['config']  and has been migrated to tx_pruebatpagaecommerce_domain_model_product['columns']['captures']['config']['overrideChildTca']['types']
27-05-19 03:44: Automatic TCA migration done during bootstrap. Please adapt TCA accordingly, these migrations will be removed. The backend module "Configuration -> TCA" shows the modified values. Please adapt these areas:
The 'foreign_types' property from TCA tx_pruebatpagaecommerce_domain_model_product['columns']['cover']['config']  and has been migrated to tx_pruebatpagaecommerce_domain_model_product['columns']['cover']['config']['overrideChildTca']['types']
The 'foreign_types' property from TCA tx_pruebatpagaecommerce_domain_model_product['columns']['captures']['config']  and has been migrated to tx_pruebatpagaecommerce_domain_model_product['columns']['captures']['config']['overrideChildTca']['types']
27-05-19 03:46: Automatic TCA migration done during bootstrap. Please adapt TCA accordingly, these migrations will be removed. The backend module "Configuration -> TCA" shows the modified values. Please adapt these areas:
The 'foreign_types' property from TCA tx_pruebatpagaecommerce_domain_model_product['columns']['cover']['config']  and has been migrated to tx_pruebatpagaecommerce_domain_model_product['columns']['cover']['config']['overrideChildTca']['types']
The 'foreign_types' property from TCA tx_pruebatpagaecommerce_domain_model_product['columns']['captures']['config']  and has been migrated to tx_pruebatpagaecommerce_domain_model_product['columns']['captures']['config']['overrideChildTca']['types']
27-05-19 03:46: Automatic TCA migration done during bootstrap. Please adapt TCA accordingly, these migrations will be removed. The backend module "Configuration -> TCA" shows the modified values. Please adapt these areas:
The 'foreign_types' property from TCA tx_pruebatpagaecommerce_domain_model_product['columns']['cover']['config']  and has been migrated to tx_pruebatpagaecommerce_domain_model_product['columns']['cover']['config']['overrideChildTca']['types']
The 'foreign_types' property from TCA tx_pruebatpagaecommerce_domain_model_product['columns']['captures']['config']  and has been migrated to tx_pruebatpagaecommerce_domain_model_product['columns']['captures']['config']['overrideChildTca']['types']
27-05-19 03:47: Automatic TCA migration done during bootstrap. Please adapt TCA accordingly, these migrations will be removed. The backend module "Configuration -> TCA" shows the modified values. Please adapt these areas:
The 'foreign_types' property from TCA tx_pruebatpagaecommerce_domain_model_product['columns']['cover']['config']  and has been migrated to tx_pruebatpagaecommerce_domain_model_product['columns']['cover']['config']['overrideChildTca']['types']
The 'foreign_types' property from TCA tx_pruebatpagaecommerce_domain_model_product['columns']['captures']['config']  and has been migrated to tx_pruebatpagaecommerce_domain_model_product['columns']['captures']['config']['overrideChildTca']['types']
27-05-19 03:47: Automatic TCA migration done during bootstrap. Please adapt TCA accordingly, these migrations will be removed. The backend module "Configuration -> TCA" shows the modified values. Please adapt these areas:
The 'foreign_types' property from TCA tx_pruebatpagaecommerce_domain_model_product['columns']['cover']['config']  and has been migrated to tx_pruebatpagaecommerce_domain_model_product['columns']['cover']['config']['overrideChildTca']['types']
The 'foreign_types' property from TCA tx_pruebatpagaecommerce_domain_model_product['columns']['captures']['config']  and has been migrated to tx_pruebatpagaecommerce_domain_model_product['columns']['captures']['config']['overrideChildTca']['types']
27-05-19 03:47: There is a reference to "EXT:lang/locallang_general.xlf", which has been moved to "EXT:lang/Resources/Private/Language/locallang_general.xlf". This fallback will be removed with TYPO3 v9.
27-05-19 03:48: Automatic TCA migration done during bootstrap. Please adapt TCA accordingly, these migrations will be removed. The backend module "Configuration -> TCA" shows the modified values. Please adapt these areas:
The 'foreign_types' property from TCA tx_pruebatpagaecommerce_domain_model_product['columns']['cover']['config']  and has been migrated to tx_pruebatpagaecommerce_domain_model_product['columns']['cover']['config']['overrideChildTca']['types']
The 'foreign_types' property from TCA tx_pruebatpagaecommerce_domain_model_product['columns']['captures']['config']  and has been migrated to tx_pruebatpagaecommerce_domain_model_product['columns']['captures']['config']['overrideChildTca']['types']
27-05-19 03:48: Automatic TCA migration done during bootstrap. Please adapt TCA accordingly, these migrations will be removed. The backend module "Configuration -> TCA" shows the modified values. Please adapt these areas:
The 'foreign_types' property from TCA tx_pruebatpagaecommerce_domain_model_product['columns']['cover']['config']  and has been migrated to tx_pruebatpagaecommerce_domain_model_product['columns']['cover']['config']['overrideChildTca']['types']
The 'foreign_types' property from TCA tx_pruebatpagaecommerce_domain_model_product['columns']['captures']['config']  and has been migrated to tx_pruebatpagaecommerce_domain_model_product['columns']['captures']['config']['overrideChildTca']['types']
27-05-19 03:48: Automatic TCA migration done during bootstrap. Please adapt TCA accordingly, these migrations will be removed. The backend module "Configuration -> TCA" shows the modified values. Please adapt these areas:
The 'foreign_types' property from TCA tx_pruebatpagaecommerce_domain_model_product['columns']['cover']['config']  and has been migrated to tx_pruebatpagaecommerce_domain_model_product['columns']['cover']['config']['overrideChildTca']['types']
The 'foreign_types' property from TCA tx_pruebatpagaecommerce_domain_model_product['columns']['captures']['config']  and has been migrated to tx_pruebatpagaecommerce_domain_model_product['columns']['captures']['config']['overrideChildTca']['types']
27-05-19 03:48: Automatic TCA migration done during bootstrap. Please adapt TCA accordingly, these migrations will be removed. The backend module "Configuration -> TCA" shows the modified values. Please adapt these areas:
The 'foreign_types' property from TCA tx_pruebatpagaecommerce_domain_model_product['columns']['cover']['config']  and has been migrated to tx_pruebatpagaecommerce_domain_model_product['columns']['cover']['config']['overrideChildTca']['types']
The 'foreign_types' property from TCA tx_pruebatpagaecommerce_domain_model_product['columns']['captures']['config']  and has been migrated to tx_pruebatpagaecommerce_domain_model_product['columns']['captures']['config']['overrideChildTca']['types']
27-05-19 03:49: Automatic TCA migration done during bootstrap. Please adapt TCA accordingly, these migrations will be removed. The backend module "Configuration -> TCA" shows the modified values. Please adapt these areas:
The 'foreign_types' property from TCA tx_pruebatpagaecommerce_domain_model_product['columns']['cover']['config']  and has been migrated to tx_pruebatpagaecommerce_domain_model_product['columns']['cover']['config']['overrideChildTca']['types']
The 'foreign_types' property from TCA tx_pruebatpagaecommerce_domain_model_product['columns']['captures']['config']  and has been migrated to tx_pruebatpagaecommerce_domain_model_product['columns']['captures']['config']['overrideChildTca']['types']
27-05-19 03:49: There is a reference to "EXT:lang/locallang_general.xlf", which has been moved to "EXT:lang/Resources/Private/Language/locallang_general.xlf". This fallback will be removed with TYPO3 v9.
27-05-19 03:50: Automatic TCA migration done during bootstrap. Please adapt TCA accordingly, these migrations will be removed. The backend module "Configuration -> TCA" shows the modified values. Please adapt these areas:
The 'foreign_types' property from TCA tx_pruebatpagaecommerce_domain_model_product['columns']['cover']['config']  and has been migrated to tx_pruebatpagaecommerce_domain_model_product['columns']['cover']['config']['overrideChildTca']['types']
The 'foreign_types' property from TCA tx_pruebatpagaecommerce_domain_model_product['columns']['captures']['config']  and has been migrated to tx_pruebatpagaecommerce_domain_model_product['columns']['captures']['config']['overrideChildTca']['types']
27-05-19 03:50: There is a reference to "EXT:lang/locallang_general.xlf", which has been moved to "EXT:lang/Resources/Private/Language/locallang_general.xlf". This fallback will be removed with TYPO3 v9.
27-05-19 03:50: There is a reference to "EXT:lang/locallang_general.xlf", which has been moved to "EXT:lang/Resources/Private/Language/locallang_general.xlf". This fallback will be removed with TYPO3 v9.
27-05-19 03:51: There is a reference to "EXT:lang/locallang_general.xlf", which has been moved to "EXT:lang/Resources/Private/Language/locallang_general.xlf". This fallback will be removed with TYPO3 v9.
27-05-19 03:51: There is a reference to "EXT:lang/locallang_general.xlf", which has been moved to "EXT:lang/Resources/Private/Language/locallang_general.xlf". This fallback will be removed with TYPO3 v9.
27-05-19 03:51: There is a reference to "EXT:lang/locallang_general.xlf", which has been moved to "EXT:lang/Resources/Private/Language/locallang_general.xlf". This fallback will be removed with TYPO3 v9.
27-05-19 03:54: There is a reference to "EXT:lang/locallang_tca.xlf", which has been moved to "EXT:lang/Resources/Private/Language/locallang_tca.xlf". This fallback will be removed with TYPO3 v9.
27-05-19 04:00: Automatic TCA migration done during bootstrap. Please adapt TCA accordingly, these migrations will be removed. The backend module "Configuration -> TCA" shows the modified values. Please adapt these areas:
The 'foreign_types' property from TCA tx_pruebatpagaecommerce_domain_model_product['columns']['cover']['config']  and has been migrated to tx_pruebatpagaecommerce_domain_model_product['columns']['cover']['config']['overrideChildTca']['types']
The 'foreign_types' property from TCA tx_pruebatpagaecommerce_domain_model_product['columns']['captures']['config']  and has been migrated to tx_pruebatpagaecommerce_domain_model_product['columns']['captures']['config']['overrideChildTca']['types']
28-05-19 03:19: Automatic TCA migration done during bootstrap. Please adapt TCA accordingly, these migrations will be removed. The backend module "Configuration -> TCA" shows the modified values. Please adapt these areas:
The 'foreign_types' property from TCA tx_pruebatpagaecommerce_domain_model_product['columns']['cover']['config']  and has been migrated to tx_pruebatpagaecommerce_domain_model_product['columns']['cover']['config']['overrideChildTca']['types']
The 'foreign_types' property from TCA tx_pruebatpagaecommerce_domain_model_product['columns']['captures']['config']  and has been migrated to tx_pruebatpagaecommerce_domain_model_product['columns']['captures']['config']['overrideChildTca']['types']
28-05-19 03:28: [typo3conf/ext/extension_builder/Resources/Private/Templates/BuilderModule/Domainmodelling.html] The property "enableClickMenu" has been marked as deprecated. Setting "enableClickMenu" in Container ViewHelper is deprecated, the option will be removed in TYPO3 v9 Please check also your partial and layout files of this template
28-05-19 03:36: DatabaseConnection a.k.a. $["TYPO3_DB"] has been marked as deprecated in TYPO3 v8 and will be removed in TYPO3 v9. Please use the newly available ConnectionPool and QueryBuilder classes.
28-05-19 03:36: DatabaseConnection a.k.a. $["TYPO3_DB"] has been marked as deprecated in TYPO3 v8 and will be removed in TYPO3 v9. Please use the newly available ConnectionPool and QueryBuilder classes.
28-05-19 03:36: DatabaseConnection a.k.a. $["TYPO3_DB"] has been marked as deprecated in TYPO3 v8 and will be removed in TYPO3 v9. Please use the newly available ConnectionPool and QueryBuilder classes.
28-05-19 03:58: Automatic TCA migration done during bootstrap. Please adapt TCA accordingly, these migrations will be removed. The backend module "Configuration -> TCA" shows the modified values. Please adapt these areas:
The 'foreign_types' property from TCA tx_pruebatpagaecommerce_domain_model_product['columns']['cover']['config']  and has been migrated to tx_pruebatpagaecommerce_domain_model_product['columns']['cover']['config']['overrideChildTca']['types']
The 'foreign_types' property from TCA tx_pruebatpagaecommerce_domain_model_product['columns']['captures']['config']  and has been migrated to tx_pruebatpagaecommerce_domain_model_product['columns']['captures']['config']['overrideChildTca']['types']
28-05-19 22:49: [typo3conf/ext/extension_builder/Resources/Private/Templates/BuilderModule/Domainmodelling.html] The property "enableClickMenu" has been marked as deprecated. Setting "enableClickMenu" in Container ViewHelper is deprecated, the option will be removed in TYPO3 v9 Please check also your partial and layout files of this template
28-05-19 22:53: DatabaseConnection a.k.a. $["TYPO3_DB"] has been marked as deprecated in TYPO3 v8 and will be removed in TYPO3 v9. Please use the newly available ConnectionPool and QueryBuilder classes.
28-05-19 22:53: DatabaseConnection a.k.a. $["TYPO3_DB"] has been marked as deprecated in TYPO3 v8 and will be removed in TYPO3 v9. Please use the newly available ConnectionPool and QueryBuilder classes.
28-05-19 22:53: DatabaseConnection a.k.a. $["TYPO3_DB"] has been marked as deprecated in TYPO3 v8 and will be removed in TYPO3 v9. Please use the newly available ConnectionPool and QueryBuilder classes.
28-05-19 22:54: DatabaseConnection a.k.a. $["TYPO3_DB"] has been marked as deprecated in TYPO3 v8 and will be removed in TYPO3 v9. Please use the newly available ConnectionPool and QueryBuilder classes.
29-05-19 10:29: Automatic TCA migration done during bootstrap. Please adapt TCA accordingly, these migrations will be removed. The backend module "Configuration -> TCA" shows the modified values. Please adapt these areas:
The 'foreign_types' property from TCA tx_pruebatpagaecommerce_domain_model_product['columns']['cover']['config']  and has been migrated to tx_pruebatpagaecommerce_domain_model_product['columns']['cover']['config']['overrideChildTca']['types']
The 'foreign_types' property from TCA tx_pruebatpagaecommerce_domain_model_product['columns']['captures']['config']  and has been migrated to tx_pruebatpagaecommerce_domain_model_product['columns']['captures']['config']['overrideChildTca']['types']
29-05-19 10:34: Automatic TCA migration done during bootstrap. Please adapt TCA accordingly, these migrations will be removed. The backend module "Configuration -> TCA" shows the modified values. Please adapt these areas:
The 'foreign_types' property from TCA tx_pruebatpagaecommerce_domain_model_product['columns']['cover']['config']  and has been migrated to tx_pruebatpagaecommerce_domain_model_product['columns']['cover']['config']['overrideChildTca']['types']
The 'foreign_types' property from TCA tx_pruebatpagaecommerce_domain_model_product['columns']['captures']['config']  and has been migrated to tx_pruebatpagaecommerce_domain_model_product['columns']['captures']['config']['overrideChildTca']['types']
29-05-19 10:39: There is a reference to "EXT:lang/locallang_general.xlf", which has been moved to "EXT:lang/Resources/Private/Language/locallang_general.xlf". This fallback will be removed with TYPO3 v9.
29-05-19 10:39: There is a reference to "EXT:lang/locallang_general.xlf", which has been moved to "EXT:lang/Resources/Private/Language/locallang_general.xlf". This fallback will be removed with TYPO3 v9.
29-05-19 21:33: [typo3conf/ext/extension_builder/Resources/Private/Templates/BuilderModule/Domainmodelling.html] The property "enableClickMenu" has been marked as deprecated. Setting "enableClickMenu" in Container ViewHelper is deprecated, the option will be removed in TYPO3 v9 Please check also your partial and layout files of this template
29-05-19 21:38: DatabaseConnection a.k.a. $["TYPO3_DB"] has been marked as deprecated in TYPO3 v8 and will be removed in TYPO3 v9. Please use the newly available ConnectionPool and QueryBuilder classes.
29-05-19 21:38: DatabaseConnection a.k.a. $["TYPO3_DB"] has been marked as deprecated in TYPO3 v8 and will be removed in TYPO3 v9. Please use the newly available ConnectionPool and QueryBuilder classes.
30-05-19 10:04: Automatic TCA migration done during bootstrap. Please adapt TCA accordingly, these migrations will be removed. The backend module "Configuration -> TCA" shows the modified values. Please adapt these areas:
The 'foreign_types' property from TCA tx_pruebatpagaecommerce_domain_model_product['columns']['cover']['config']  and has been migrated to tx_pruebatpagaecommerce_domain_model_product['columns']['cover']['config']['overrideChildTca']['types']
The 'foreign_types' property from TCA tx_pruebatpagaecommerce_domain_model_product['columns']['captures']['config']  and has been migrated to tx_pruebatpagaecommerce_domain_model_product['columns']['captures']['config']['overrideChildTca']['types']
30-05-19 10:04: Automatic TCA migration done during bootstrap. Please adapt TCA accordingly, these migrations will be removed. The backend module "Configuration -> TCA" shows the modified values. Please adapt these areas:
The 'foreign_types' property from TCA tx_pruebatpagaecommerce_domain_model_product['columns']['cover']['config']  and has been migrated to tx_pruebatpagaecommerce_domain_model_product['columns']['cover']['config']['overrideChildTca']['types']
The 'foreign_types' property from TCA tx_pruebatpagaecommerce_domain_model_product['columns']['captures']['config']  and has been migrated to tx_pruebatpagaecommerce_domain_model_product['columns']['captures']['config']['overrideChildTca']['types']
